Info    2025-07-05 13:00:43:371  DevID:MV-CS016-10UC(DA5980623)  Source-Line:libMvCameraControl.so(U3VDevice.cpp-L0116)  ProcessName:python3.8(1769)     Description:[Init][U3V Info]Speed[0x210], DeviceAddress[0], VendorName[Hikrobot], ManufacturerInfo[Hikrobot], DeviceVersion[V2.2.0 240702 1311877], UserID[]
Info    2025-07-05 13:00:43:371  DevID:MV-CS016-10UC(DA5980623)  Source-Line:libMvCameraControl.so(MediaProcess.cpp-L0882)  ProcessName:python3.8(1769)     Description:[SetBayerCvtQuality]Set Bayer CvtQuality success! BayerCvtQuality[1]
Info    2025-07-05 13:00:43:371  DevID:MV-CS016-10UC(DA5980623)  Source-Line:libMvCameraControl.so(MediaProcess.cpp-L1734)  ProcessName:python3.8(1769)     Description:[SetBayerThreadNum]Set Bayer Thread Num success! BayerThreadNum[2]
Info    2025-07-05 13:00:43:371  DevID:MV-CS016-10UC(DA5980623)  Source-Line:libMvCameraControl.so(MediaProcess.cpp-L0882)  ProcessName:python3.8(1769)     Description:[SetBayerCvtQuality]Set Bayer CvtQuality success! BayerCvtQuality[1]
Info    2025-07-05 13:00:43:371  DevID:MV-CS016-10UC(DA5980623)  Source-Line:libMvCameraControl.so(MediaProcess.cpp-L1734)  ProcessName:python3.8(1769)     Description:[SetBayerThreadNum]Set Bayer Thread Num success! BayerThreadNum[2]
Info    2025-07-05 13:00:43:371  DevID:MV-CS016-10UC(DA5980623)  Source-Line:libMvCameraControl.so(U3VDevice.cpp-L0667)  ProcessName:python3.8(1769)     Description:[IsValidVersion]CamCtrl[0x4050003], U3V SDKVersion[0x4050003], DriverVersion[0x0]
Info    2025-07-05 13:00:44:997  DevID:MV-CS016-10UC(DA5980623)  Source-Line:libMvCameraControl.so(U3VDevice.cpp-L0636)  ProcessName:python3.8(1769)     Description:[GetGenICamXML]Get XML success!
Info    2025-07-05 13:00:44:997  DevID:MV-CS016-10UC(DA5980623)  Source-Line:libMvCameraControl.so(U3VDevice.cpp-L0873)  ProcessName:python3.8(1769)     Description:[OpenDevice]Get GenICamXML len [0xca897] Type[1]
Info    2025-07-05 13:00:45:058  DevID:MV-CS016-10UC(DA5980623)  Source-Line:libMvCameraControl.so(U3VDevice.cpp-L1091)  ProcessName:python3.8(1769)     Description:[SetTransferSize]Set Transfer Size success! TransferSize[1048576]
Info    2025-07-05 13:00:45:058  DevID:MV-CS016-10UC(DA5980623)  Source-Line:libMvCameraControl.so(U3VDevice.cpp-L1147)  ProcessName:python3.8(1769)     Description:[SetStreamPayloadTimeout]Set StreamPayload Timeout success! StreamPayloadTimeout[50]
Info    2025-07-05 13:00:45:058  DevID:MV-CS016-10UC(DA5980623)  Source-Line:libMvCameraControl.so(U3VDevice.cpp-L1175)  ProcessName:python3.8(1769)     Description:[SetSIControlRegTimeout]Set nSIControlReg Timeout success! nSIControlRegTimeout[30]
Info    2025-07-05 13:00:45:058  DevID:MV-CS016-10UC(DA5980623)  Source-Line:libMvCameraControl.so(U3VDevice.cpp-L1203)  ProcessName:python3.8(1769)     Description:[SetSyncTimeout]Set sync Timeout success! nSyncTimeout[1000]
Info    2025-07-05 13:00:45:073  DevID:MV-CS016-10UC(DA5980623)  Source-Line:libMvCameraControl.so(GenICamImpl.cpp-L0679)  ProcessName:python3.8(1769)     Description:[InvalidateNodes]Invalidate Nodes success
Info    2025-07-05 13:00:45:073  DevID:MV-CS016-10UC(DA5980623)  Source-Line:libMvCameraControl.so(U3VDevice.cpp-L0913)  ProcessName:python3.8(1769)     Description:[OpenDevice]Invalidate Nodes success
Info    2025-07-05 13:00:45:081  DevID:MV-CS016-10UC(DA5980623)  Source-Line:libMvCameraControl.so(U3VDevice.cpp-L0925)  ProcessName:python3.8(1769)     Description:[OpenDevice]Open device success! PrivilegeMode[1], SwitchoverKey[0], DeviceUptime[2629],DeviceFirmwareVersion[V2.2.0 2407021311877 24053001]
Info    2025-07-05 13:00:45:081  DevID:MV-CS016-10UC(DA5980623)  Source-Line:libMvCameraControl.so(MediaProcess.cpp-L0882)  ProcessName:python3.8(1769)     Description:[SetBayerCvtQuality]Set Bayer CvtQuality success! BayerCvtQuality[1]
Info    2025-07-05 13:00:45:081  DevID:MV-CS016-10UC(DA5980623)  Source-Line:libMvCameraControl.so(MediaProcess.cpp-L1734)  ProcessName:python3.8(1769)     Description:[SetBayerThreadNum]Set Bayer Thread Num success! BayerThreadNum[2]
Info    2025-07-05 13:00:45:081  DevID:MV-CS016-10UC(DA5980623)  Source-Line:libMvCameraControl.so(U3VDevice.cpp-L0938)  ProcessName:python3.8(1769)     Description:[OpenDevice]OpenDevice, cost time 1710.000000ms 
Info    2025-07-05 13:00:45:082  DevID:  Source-Line:libMvCameraControl.so(GenICamImpl.cpp-L2091)  ProcessName:python3.8(1769)     Description:[RecordThread]RecordThread Start, ThreadId[-1701845248]
Info    2025-07-05 13:00:45:143  DevID:MV-CS016-10UC(DA5980623)  Source-Line:libMvCameraControl.so(GenICamImpl.cpp-L2116)  ProcessName:python3.8(1769)     Description:[RecordThreadProc][Record] Get BlackLevel value [240]
Info    2025-07-05 13:00:45:147  DevID:MV-CS016-10UC(DA5980623)  Source-Line:libMvCameraControl.so(GenICamImpl.cpp-L2133)  ProcessName:python3.8(1769)     Description:[RecordThreadProc][Record] Get BalanceWhiteAuto Value [1] (0:off 1:contineu; 2:once):
Error   2025-07-05 13:00:45:175  DevID:MV-CS016-10UC(DA5980623)  Source-Line:libMvCameraControl.so(GenICamImpl.cpp-L0900)  ProcessName:python3.8(1769)     Description:[XML_GetNodeAccessMode]PropertyName[PartialImageOutputMode], Ret[0x80000100]
Error   2025-07-05 13:00:45:175  DevID:MV-CS016-10UC(DA5980623)  Source-Line:libMvCameraControl.so(XmlParse.cpp-L2388)  ProcessName:python3.8(1769)     Description:[GetEnumValue]Get Node Value, Node does not exist, NodeName[PartialImageOutputMode]
Error   2025-07-05 13:00:45:175  DevID:MV-CS016-10UC(DA5980623)  Source-Line:libMvCameraControl.so(GenICamImpl.cpp-L0297)  ProcessName:python3.8(1769)     Description:[GetEnumValue]Property[PartialImageOutputMode], Ret[0x80000100]
Info    2025-07-05 13:00:45:175  DevID:MV-CS016-10UC(DA5980623)  Source-Line:libMvCameraControl.so(U3VStream.cpp-L0047)  ProcessName:python3.8(1769)     Description:[StartGrabbing][U3V]Start Grabbing, DeviceUptime[2629]
Info    2025-07-05 13:00:45:200  DevID:MV-CS016-10UC(DA5980623)  Source-Line:libMvCameraControl.so(GenICamImpl.cpp-L2188)  ProcessName:python3.8(1769)     Description:[RecordThreadProc][Record] Get ExposureAuto value [0]
Info    2025-07-05 13:00:45:211  DevID:MV-CS016-10UC(DA5980623)  Source-Line:libMvCameraControl.so(GenICamImpl.cpp-L2205)  ProcessName:python3.8(1769)     Description:[RecordThreadProc][Record] Get ExposureTime value [5000.000000] 
Info    2025-07-05 13:00:45:225  DevID:MV-CS016-10UC(DA5980623)  Source-Line:libMvCameraControl.so(StreamGrab.cpp-L0437)  ProcessName:python3.8(1769)     Description:[StartGrabbing]Start grabbing success, There is no registration callback.
Info    2025-07-05 13:00:45:232  DevID:MV-CS016-10UC(DA5980623)  Source-Line:libMvCameraControl.so(GenICamImpl.cpp-L2221)  ProcessName:python3.8(1769)     Description:[RecordThreadProc][Record] Get GainAuto value [0] (0:off 1:contineu; 2:once):
Info    2025-07-05 13:00:45:239  DevID:MV-CS016-10UC(DA5980623)  Source-Line:libMvCameraControl.so(GenICamImpl.cpp-L2237)  ProcessName:python3.8(1769)     Description:[RecordThreadProc][Record] Get Gain value [0.000000] 
Info    2025-07-05 13:00:45:240  DevID:MV-CS016-10UC(DA5980623)  Source-Line:libMvCameraControl.so(GenICamImpl.cpp-L2253)  ProcessName:python3.8(1769)     Description:[RecordThreadProc][Record] Get PixelFormat value [17301513] :
Info    2025-07-05 13:00:45:245  DevID:MV-CS016-10UC(DA5980623)  Source-Line:libMvCameraControl.so(GenICamImpl.cpp-L2302)  ProcessName:python3.8(1769)     Description:[RecordThreadProc][Record] Get UserSetCurrent value [0]
Info    2025-07-05 13:00:45:246  DevID:MV-CS016-10UC(DA5980623)  Source-Line:libMvCameraControl.so(GenICamImpl.cpp-L2318)  ProcessName:python3.8(1769)     Description:[RecordThreadProc][Record] Get UserSetSelector value [0] 
Info    2025-07-05 13:00:45:247  DevID:MV-CS016-10UC(DA5980623)  Source-Line:libMvCameraControl.so(GenICamImpl.cpp-L2334)  ProcessName:python3.8(1769)     Description:[RecordThreadProc][Record] Get UserSetDefault value[0]
Info    2025-07-05 13:00:45:247  DevID:  Source-Line:libMvCameraControl.so(GenICamImpl.cpp-L2096)  ProcessName:python3.8(1769)     Description:[RecordThread]RecordThread End, ThreadId[-1701845248]
Info    2025-07-05 13:00:59:445  DevID:MV-CS016-10UC(DA5980623)  Source-Line:libMvCameraControl.so(StreamGrab.cpp-L0517)  ProcessName:python3.8(1769)     Description:[StopGrabbing]Stop grabbing success! DeviceUptime[2643]
Info    2025-07-05 13:00:59:445  DevID:MV-CS016-10UC(DA5980623)  Source-Line:libMvCameraControl.so(U3VDevice.cpp-L0756)  ProcessName:python3.8(1769)     Description:[CloseU3VDevice]Close device begin!
Info    2025-07-05 13:00:59:449  DevID:MV-CS016-10UC(DA5980623)  Source-Line:libMvCameraControl.so(U3VDevice.cpp-L0769)  ProcessName:python3.8(1769)     Description:[CloseU3VDevice]DeviceUptime[2643]
Info    2025-07-05 13:00:59:450  DevID:MV-CS016-10UC(DA5980623)  Source-Line:libMvCameraControl.so(U3VDevice.cpp-L0787)  ProcessName:python3.8(1769)     Description:[CloseU3VDevice]Close device success!
Info    2025-07-05 13:03:31:265  DevID:MV-CS016-10UC(DA5980623)  Source-Line:libMvCameraControl.so(U3VDevice.cpp-L0116)  ProcessName:python3.8(3797)     Description:[Init][U3V Info]Speed[0x210], DeviceAddress[0], VendorName[Hikrobot], ManufacturerInfo[Hikrobot], DeviceVersion[V2.2.0 240702 1311877], UserID[]
Info    2025-07-05 13:03:31:265  DevID:MV-CS016-10UC(DA5980623)  Source-Line:libMvCameraControl.so(MediaProcess.cpp-L0882)  ProcessName:python3.8(3797)     Description:[SetBayerCvtQuality]Set Bayer CvtQuality success! BayerCvtQuality[1]
Info    2025-07-05 13:03:31:265  DevID:MV-CS016-10UC(DA5980623)  Source-Line:libMvCameraControl.so(MediaProcess.cpp-L1734)  ProcessName:python3.8(3797)     Description:[SetBayerThreadNum]Set Bayer Thread Num success! BayerThreadNum[2]
Info    2025-07-05 13:03:31:265  DevID:MV-CS016-10UC(DA5980623)  Source-Line:libMvCameraControl.so(MediaProcess.cpp-L0882)  ProcessName:python3.8(3797)     Description:[SetBayerCvtQuality]Set Bayer CvtQuality success! BayerCvtQuality[1]
Info    2025-07-05 13:03:31:265  DevID:MV-CS016-10UC(DA5980623)  Source-Line:libMvCameraControl.so(MediaProcess.cpp-L1734)  ProcessName:python3.8(3797)     Description:[SetBayerThreadNum]Set Bayer Thread Num success! BayerThreadNum[2]
Info    2025-07-05 13:03:31:265  DevID:MV-CS016-10UC(DA5980623)  Source-Line:libMvCameraControl.so(U3VDevice.cpp-L0667)  ProcessName:python3.8(3797)     Description:[IsValidVersion]CamCtrl[0x4050003], U3V SDKVersion[0x4050003], DriverVersion[0x0]
Info    2025-07-05 13:03:32:765  DevID:MV-CS016-10UC(DA5980623)  Source-Line:libMvCameraControl.so(U3VDevice.cpp-L0636)  ProcessName:python3.8(3797)     Description:[GetGenICamXML]Get XML success!
Info    2025-07-05 13:03:32:765  DevID:MV-CS016-10UC(DA5980623)  Source-Line:libMvCameraControl.so(U3VDevice.cpp-L0873)  ProcessName:python3.8(3797)     Description:[OpenDevice]Get GenICamXML len [0xca897] Type[1]
Info    2025-07-05 13:03:32:837  DevID:MV-CS016-10UC(DA5980623)  Source-Line:libMvCameraControl.so(U3VDevice.cpp-L1091)  ProcessName:python3.8(3797)     Description:[SetTransferSize]Set Transfer Size success! TransferSize[1048576]
Info    2025-07-05 13:03:32:837  DevID:MV-CS016-10UC(DA5980623)  Source-Line:libMvCameraControl.so(U3VDevice.cpp-L1147)  ProcessName:python3.8(3797)     Description:[SetStreamPayloadTimeout]Set StreamPayload Timeout success! StreamPayloadTimeout[50]
Info    2025-07-05 13:03:32:837  DevID:MV-CS016-10UC(DA5980623)  Source-Line:libMvCameraControl.so(U3VDevice.cpp-L1175)  ProcessName:python3.8(3797)     Description:[SetSIControlRegTimeout]Set nSIControlReg Timeout success! nSIControlRegTimeout[30]
Info    2025-07-05 13:03:32:837  DevID:MV-CS016-10UC(DA5980623)  Source-Line:libMvCameraControl.so(U3VDevice.cpp-L1203)  ProcessName:python3.8(3797)     Description:[SetSyncTimeout]Set sync Timeout success! nSyncTimeout[1000]
Info    2025-07-05 13:03:32:848  DevID:MV-CS016-10UC(DA5980623)  Source-Line:libMvCameraControl.so(GenICamImpl.cpp-L0679)  ProcessName:python3.8(3797)     Description:[InvalidateNodes]Invalidate Nodes success
Info    2025-07-05 13:03:32:848  DevID:MV-CS016-10UC(DA5980623)  Source-Line:libMvCameraControl.so(U3VDevice.cpp-L0913)  ProcessName:python3.8(3797)     Description:[OpenDevice]Invalidate Nodes success
Info    2025-07-05 13:03:32:854  DevID:MV-CS016-10UC(DA5980623)  Source-Line:libMvCameraControl.so(U3VDevice.cpp-L0925)  ProcessName:python3.8(3797)     Description:[OpenDevice]Open device success! PrivilegeMode[1], SwitchoverKey[0], DeviceUptime[2796],DeviceFirmwareVersion[V2.2.0 2407021311877 24053001]
Info    2025-07-05 13:03:32:854  DevID:MV-CS016-10UC(DA5980623)  Source-Line:libMvCameraControl.so(MediaProcess.cpp-L0882)  ProcessName:python3.8(3797)     Description:[SetBayerCvtQuality]Set Bayer CvtQuality success! BayerCvtQuality[1]
Info    2025-07-05 13:03:32:855  DevID:MV-CS016-10UC(DA5980623)  Source-Line:libMvCameraControl.so(MediaProcess.cpp-L1734)  ProcessName:python3.8(3797)     Description:[SetBayerThreadNum]Set Bayer Thread Num success! BayerThreadNum[2]
Info    2025-07-05 13:03:32:855  DevID:MV-CS016-10UC(DA5980623)  Source-Line:libMvCameraControl.so(U3VDevice.cpp-L0938)  ProcessName:python3.8(3797)     Description:[OpenDevice]OpenDevice, cost time 1590.000000ms 
Info    2025-07-05 13:03:32:855  DevID:  Source-Line:libMvCameraControl.so(GenICamImpl.cpp-L2091)  ProcessName:python3.8(3797)     Description:[RecordThread]RecordThread Start, ThreadId[67106560]
Info    2025-07-05 13:03:32:895  DevID:MV-CS016-10UC(DA5980623)  Source-Line:libMvCameraControl.so(GenICamImpl.cpp-L2116)  ProcessName:python3.8(3797)     Description:[RecordThreadProc][Record] Get BlackLevel value [240]
Error   2025-07-05 13:03:32:976  DevID:MV-CS016-10UC(DA5980623)  Source-Line:libMvCameraControl.so(GenICamImpl.cpp-L0900)  ProcessName:python3.8(3797)     Description:[XML_GetNodeAccessMode]PropertyName[PartialImageOutputMode], Ret[0x80000100]
Error   2025-07-05 13:03:32:976  DevID:MV-CS016-10UC(DA5980623)  Source-Line:libMvCameraControl.so(XmlParse.cpp-L2388)  ProcessName:python3.8(3797)     Description:[GetEnumValue]Get Node Value, Node does not exist, NodeName[PartialImageOutputMode]
Error   2025-07-05 13:03:32:976  DevID:MV-CS016-10UC(DA5980623)  Source-Line:libMvCameraControl.so(GenICamImpl.cpp-L0297)  ProcessName:python3.8(3797)     Description:[GetEnumValue]Property[PartialImageOutputMode], Ret[0x80000100]
Info    2025-07-05 13:03:32:976  DevID:MV-CS016-10UC(DA5980623)  Source-Line:libMvCameraControl.so(U3VStream.cpp-L0047)  ProcessName:python3.8(3797)     Description:[StartGrabbing][U3V]Start Grabbing, DeviceUptime[2797]
Info    2025-07-05 13:03:33:029  DevID:MV-CS016-10UC(DA5980623)  Source-Line:libMvCameraControl.so(GenICamImpl.cpp-L2133)  ProcessName:python3.8(3797)     Description:[RecordThreadProc][Record] Get BalanceWhiteAuto Value [1] (0:off 1:contineu; 2:once):
Info    2025-07-05 13:03:33:046  DevID:MV-CS016-10UC(DA5980623)  Source-Line:libMvCameraControl.so(GenICamImpl.cpp-L2188)  ProcessName:python3.8(3797)     Description:[RecordThreadProc][Record] Get ExposureAuto value [0]
Info    2025-07-05 13:03:33:060  DevID:MV-CS016-10UC(DA5980623)  Source-Line:libMvCameraControl.so(StreamGrab.cpp-L0437)  ProcessName:python3.8(3797)     Description:[StartGrabbing]Start grabbing success, There is no registration callback.
Info    2025-07-05 13:03:33:080  DevID:MV-CS016-10UC(DA5980623)  Source-Line:libMvCameraControl.so(GenICamImpl.cpp-L2205)  ProcessName:python3.8(3797)     Description:[RecordThreadProc][Record] Get ExposureTime value [22000.000000] 
Info    2025-07-05 13:03:33:086  DevID:MV-CS016-10UC(DA5980623)  Source-Line:libMvCameraControl.so(GenICamImpl.cpp-L2221)  ProcessName:python3.8(3797)     Description:[RecordThreadProc][Record] Get GainAuto value [0] (0:off 1:contineu; 2:once):
Info    2025-07-05 13:03:33:094  DevID:MV-CS016-10UC(DA5980623)  Source-Line:libMvCameraControl.so(GenICamImpl.cpp-L2237)  ProcessName:python3.8(3797)     Description:[RecordThreadProc][Record] Get Gain value [0.000000] 
Info    2025-07-05 13:03:33:094  DevID:MV-CS016-10UC(DA5980623)  Source-Line:libMvCameraControl.so(GenICamImpl.cpp-L2253)  ProcessName:python3.8(3797)     Description:[RecordThreadProc][Record] Get PixelFormat value [17301513] :
Info    2025-07-05 13:03:33:101  DevID:MV-CS016-10UC(DA5980623)  Source-Line:libMvCameraControl.so(GenICamImpl.cpp-L2302)  ProcessName:python3.8(3797)     Description:[RecordThreadProc][Record] Get UserSetCurrent value [0]
Info    2025-07-05 13:03:33:142  DevID:MV-CS016-10UC(DA5980623)  Source-Line:libMvCameraControl.so(GenICamImpl.cpp-L2318)  ProcessName:python3.8(3797)     Description:[RecordThreadProc][Record] Get UserSetSelector value [0] 
Info    2025-07-05 13:03:33:269  DevID:MV-CS016-10UC(DA5980623)  Source-Line:libMvCameraControl.so(GenICamImpl.cpp-L2334)  ProcessName:python3.8(3797)     Description:[RecordThreadProc][Record] Get UserSetDefault value[0]
Info    2025-07-05 13:03:33:269  DevID:  Source-Line:libMvCameraControl.so(GenICamImpl.cpp-L2096)  ProcessName:python3.8(3797)     Description:[RecordThread]RecordThread End, ThreadId[67106560]
Warning 2025-07-05 13:03:34:062  DevID:MV-CS016-10UC(DA5980623)  Source-Line:libMvCameraControl.so(StreamGrab.cpp-L0875)  ProcessName:python3.8(3797)     Description:[GetOneFrameTimeout]Get image failed! Msec[1000], Ret[0x80000007]
Info    2025-07-05 13:03:44:428  DevID:MV-CS016-10UC(DA5980623)  Source-Line:libMvCameraControl.so(StreamGrab.cpp-L0517)  ProcessName:python3.8(3797)     Description:[StopGrabbing]Stop grabbing success! DeviceUptime[2808]
Info    2025-07-05 13:03:44:429  DevID:MV-CS016-10UC(DA5980623)  Source-Line:libMvCameraControl.so(U3VDevice.cpp-L0756)  ProcessName:python3.8(3797)     Description:[CloseU3VDevice]Close device begin!
Info    2025-07-05 13:03:44:432  DevID:MV-CS016-10UC(DA5980623)  Source-Line:libMvCameraControl.so(U3VDevice.cpp-L0769)  ProcessName:python3.8(3797)     Description:[CloseU3VDevice]DeviceUptime[2808]
Info    2025-07-05 13:03:44:433  DevID:MV-CS016-10UC(DA5980623)  Source-Line:libMvCameraControl.so(U3VDevice.cpp-L0787)  ProcessName:python3.8(3797)     Description:[CloseU3VDevice]Close device success!
Info    2025-07-05 13:03:52:345  DevID:MV-CS016-10UC(DA5980623)  Source-Line:libMvCameraControl.so(U3VDevice.cpp-L0116)  ProcessName:python3.8(4175)     Description:[Init][U3V Info]Speed[0x210], DeviceAddress[0], VendorName[Hikrobot], ManufacturerInfo[Hikrobot], DeviceVersion[V2.2.0 240702 1311877], UserID[]
Info    2025-07-05 13:03:52:345  DevID:MV-CS016-10UC(DA5980623)  Source-Line:libMvCameraControl.so(MediaProcess.cpp-L0882)  ProcessName:python3.8(4175)     Description:[SetBayerCvtQuality]Set Bayer CvtQuality success! BayerCvtQuality[1]
Info    2025-07-05 13:03:52:345  DevID:MV-CS016-10UC(DA5980623)  Source-Line:libMvCameraControl.so(MediaProcess.cpp-L1734)  ProcessName:python3.8(4175)     Description:[SetBayerThreadNum]Set Bayer Thread Num success! BayerThreadNum[2]
Info    2025-07-05 13:03:52:345  DevID:MV-CS016-10UC(DA5980623)  Source-Line:libMvCameraControl.so(MediaProcess.cpp-L0882)  ProcessName:python3.8(4175)     Description:[SetBayerCvtQuality]Set Bayer CvtQuality success! BayerCvtQuality[1]
Info    2025-07-05 13:03:52:345  DevID:MV-CS016-10UC(DA5980623)  Source-Line:libMvCameraControl.so(MediaProcess.cpp-L1734)  ProcessName:python3.8(4175)     Description:[SetBayerThreadNum]Set Bayer Thread Num success! BayerThreadNum[2]
Info    2025-07-05 13:03:52:345  DevID:MV-CS016-10UC(DA5980623)  Source-Line:libMvCameraControl.so(U3VDevice.cpp-L0667)  ProcessName:python3.8(4175)     Description:[IsValidVersion]CamCtrl[0x4050003], U3V SDKVersion[0x4050003], DriverVersion[0x0]
Info    2025-07-05 13:03:53:745  DevID:MV-CS016-10UC(DA5980623)  Source-Line:libMvCameraControl.so(U3VDevice.cpp-L0636)  ProcessName:python3.8(4175)     Description:[GetGenICamXML]Get XML success!
Info    2025-07-05 13:03:53:745  DevID:MV-CS016-10UC(DA5980623)  Source-Line:libMvCameraControl.so(U3VDevice.cpp-L0873)  ProcessName:python3.8(4175)     Description:[OpenDevice]Get GenICamXML len [0xca897] Type[1]
Info    2025-07-05 13:03:53:816  DevID:MV-CS016-10UC(DA5980623)  Source-Line:libMvCameraControl.so(U3VDevice.cpp-L1091)  ProcessName:python3.8(4175)     Description:[SetTransferSize]Set Transfer Size success! TransferSize[1048576]
Info    2025-07-05 13:03:53:816  DevID:MV-CS016-10UC(DA5980623)  Source-Line:libMvCameraControl.so(U3VDevice.cpp-L1147)  ProcessName:python3.8(4175)     Description:[SetStreamPayloadTimeout]Set StreamPayload Timeout success! StreamPayloadTimeout[50]
Info    2025-07-05 13:03:53:816  DevID:MV-CS016-10UC(DA5980623)  Source-Line:libMvCameraControl.so(U3VDevice.cpp-L1175)  ProcessName:python3.8(4175)     Description:[SetSIControlRegTimeout]Set nSIControlReg Timeout success! nSIControlRegTimeout[30]
Info    2025-07-05 13:03:53:816  DevID:MV-CS016-10UC(DA5980623)  Source-Line:libMvCameraControl.so(U3VDevice.cpp-L1203)  ProcessName:python3.8(4175)     Description:[SetSyncTimeout]Set sync Timeout success! nSyncTimeout[1000]
Info    2025-07-05 13:03:53:828  DevID:MV-CS016-10UC(DA5980623)  Source-Line:libMvCameraControl.so(GenICamImpl.cpp-L0679)  ProcessName:python3.8(4175)     Description:[InvalidateNodes]Invalidate Nodes success
Info    2025-07-05 13:03:53:828  DevID:MV-CS016-10UC(DA5980623)  Source-Line:libMvCameraControl.so(U3VDevice.cpp-L0913)  ProcessName:python3.8(4175)     Description:[OpenDevice]Invalidate Nodes success
Info    2025-07-05 13:03:53:836  DevID:MV-CS016-10UC(DA5980623)  Source-Line:libMvCameraControl.so(U3VDevice.cpp-L0925)  ProcessName:python3.8(4175)     Description:[OpenDevice]Open device success! PrivilegeMode[1], SwitchoverKey[0], DeviceUptime[2817],DeviceFirmwareVersion[V2.2.0 2407021311877 24053001]
Info    2025-07-05 13:03:53:836  DevID:MV-CS016-10UC(DA5980623)  Source-Line:libMvCameraControl.so(MediaProcess.cpp-L0882)  ProcessName:python3.8(4175)     Description:[SetBayerCvtQuality]Set Bayer CvtQuality success! BayerCvtQuality[1]
Info    2025-07-05 13:03:53:836  DevID:MV-CS016-10UC(DA5980623)  Source-Line:libMvCameraControl.so(MediaProcess.cpp-L1734)  ProcessName:python3.8(4175)     Description:[SetBayerThreadNum]Set Bayer Thread Num success! BayerThreadNum[2]
Info    2025-07-05 13:03:53:836  DevID:MV-CS016-10UC(DA5980623)  Source-Line:libMvCameraControl.so(U3VDevice.cpp-L0938)  ProcessName:python3.8(4175)     Description:[OpenDevice]OpenDevice, cost time 1491.000000ms 
Info    2025-07-05 13:03:53:836  DevID:  Source-Line:libMvCameraControl.so(GenICamImpl.cpp-L2091)  ProcessName:python3.8(4175)     Description:[RecordThread]RecordThread Start, ThreadId[-303044864]
Info    2025-07-05 13:03:53:882  DevID:MV-CS016-10UC(DA5980623)  Source-Line:libMvCameraControl.so(GenICamImpl.cpp-L2116)  ProcessName:python3.8(4175)     Description:[RecordThreadProc][Record] Get BlackLevel value [240]
Info    2025-07-05 13:03:53:897  DevID:MV-CS016-10UC(DA5980623)  Source-Line:libMvCameraControl.so(GenICamImpl.cpp-L2133)  ProcessName:python3.8(4175)     Description:[RecordThreadProc][Record] Get BalanceWhiteAuto Value [1] (0:off 1:contineu; 2:once):
Error   2025-07-05 13:03:53:959  DevID:MV-CS016-10UC(DA5980623)  Source-Line:libMvCameraControl.so(GenICamImpl.cpp-L0900)  ProcessName:python3.8(4175)     Description:[XML_GetNodeAccessMode]PropertyName[PartialImageOutputMode], Ret[0x80000100]
Error   2025-07-05 13:03:53:959  DevID:MV-CS016-10UC(DA5980623)  Source-Line:libMvCameraControl.so(XmlParse.cpp-L2388)  ProcessName:python3.8(4175)     Description:[GetEnumValue]Get Node Value, Node does not exist, NodeName[PartialImageOutputMode]
Error   2025-07-05 13:03:53:959  DevID:MV-CS016-10UC(DA5980623)  Source-Line:libMvCameraControl.so(GenICamImpl.cpp-L0297)  ProcessName:python3.8(4175)     Description:[GetEnumValue]Property[PartialImageOutputMode], Ret[0x80000100]
Info    2025-07-05 13:03:53:959  DevID:MV-CS016-10UC(DA5980623)  Source-Line:libMvCameraControl.so(U3VStream.cpp-L0047)  ProcessName:python3.8(4175)     Description:[StartGrabbing][U3V]Start Grabbing, DeviceUptime[2818]
Info    2025-07-05 13:03:53:980  DevID:MV-CS016-10UC(DA5980623)  Source-Line:libMvCameraControl.so(GenICamImpl.cpp-L2188)  ProcessName:python3.8(4175)     Description:[RecordThreadProc][Record] Get ExposureAuto value [0]
Info    2025-07-05 13:03:53:991  DevID:MV-CS016-10UC(DA5980623)  Source-Line:libMvCameraControl.so(StreamGrab.cpp-L0437)  ProcessName:python3.8(4175)     Description:[StartGrabbing]Start grabbing success, There is no registration callback.
Info    2025-07-05 13:03:53:003  DevID:MV-CS016-10UC(DA5980623)  Source-Line:libMvCameraControl.so(GenICamImpl.cpp-L2205)  ProcessName:python3.8(4175)     Description:[RecordThreadProc][Record] Get ExposureTime value [22000.000000] 
Info    2025-07-05 13:03:54:013  DevID:MV-CS016-10UC(DA5980623)  Source-Line:libMvCameraControl.so(GenICamImpl.cpp-L2221)  ProcessName:python3.8(4175)     Description:[RecordThreadProc][Record] Get GainAuto value [0] (0:off 1:contineu; 2:once):
Info    2025-07-05 13:03:54:018  DevID:MV-CS016-10UC(DA5980623)  Source-Line:libMvCameraControl.so(GenICamImpl.cpp-L2237)  ProcessName:python3.8(4175)     Description:[RecordThreadProc][Record] Get Gain value [0.000000] 
Info    2025-07-05 13:03:54:020  DevID:MV-CS016-10UC(DA5980623)  Source-Line:libMvCameraControl.so(GenICamImpl.cpp-L2253)  ProcessName:python3.8(4175)     Description:[RecordThreadProc][Record] Get PixelFormat value [17301513] :
Info    2025-07-05 13:03:54:024  DevID:MV-CS016-10UC(DA5980623)  Source-Line:libMvCameraControl.so(GenICamImpl.cpp-L2302)  ProcessName:python3.8(4175)     Description:[RecordThreadProc][Record] Get UserSetCurrent value [0]
Info    2025-07-05 13:03:54:026  DevID:MV-CS016-10UC(DA5980623)  Source-Line:libMvCameraControl.so(GenICamImpl.cpp-L2318)  ProcessName:python3.8(4175)     Description:[RecordThreadProc][Record] Get UserSetSelector value [0] 
Info    2025-07-05 13:03:54:027  DevID:MV-CS016-10UC(DA5980623)  Source-Line:libMvCameraControl.so(GenICamImpl.cpp-L2334)  ProcessName:python3.8(4175)     Description:[RecordThreadProc][Record] Get UserSetDefault value[0]
Info    2025-07-05 13:03:54:027  DevID:  Source-Line:libMvCameraControl.so(GenICamImpl.cpp-L2096)  ProcessName:python3.8(4175)     Description:[RecordThread]RecordThread End, ThreadId[-303044864]
Info    2025-07-05 13:04:09:730  DevID:MV-CS016-10UC(DA5980623)  Source-Line:libMvCameraControl.so(StreamGrab.cpp-L0517)  ProcessName:python3.8(4175)     Description:[StopGrabbing]Stop grabbing success! DeviceUptime[2833]
Info    2025-07-05 13:04:09:731  DevID:MV-CS016-10UC(DA5980623)  Source-Line:libMvCameraControl.so(U3VDevice.cpp-L0756)  ProcessName:python3.8(4175)     Description:[CloseU3VDevice]Close device begin!
Info    2025-07-05 13:04:09:733  DevID:MV-CS016-10UC(DA5980623)  Source-Line:libMvCameraControl.so(U3VDevice.cpp-L0769)  ProcessName:python3.8(4175)     Description:[CloseU3VDevice]DeviceUptime[2833]
Info    2025-07-05 13:04:09:734  DevID:MV-CS016-10UC(DA5980623)  Source-Line:libMvCameraControl.so(U3VDevice.cpp-L0787)  ProcessName:python3.8(4175)     Description:[CloseU3VDevice]Close device success!
